/home/valerio/Desktop/IoT-Project/install/iot_project_solution_src/lib/python3.10/site-packages/iot_project_solution_src/math_utils.py
/home/valerio/Desktop/IoT-Project/install/iot_project_solution_src/lib/python3.10/site-packages/iot_project_solution_src/__init__.py
/home/valerio/Desktop/IoT-Project/install/iot_project_solution_src/lib/python3.10/site-packages/iot_project_solution_src/drone_controller.py
/home/valerio/Desktop/IoT-Project/install/iot_project_solution_src/lib/python3.10/site-packages/iot_project_solution_src/task_assigner.py
/home/valerio/Desktop/IoT-Project/install/iot_project_solution_src/lib/python3.10/site-packages/iot_project_solution_src/__pycache__/math_utils.cpython-310.pyc
/home/valerio/Desktop/IoT-Project/install/iot_project_solution_src/lib/python3.10/site-packages/iot_project_solution_src/__pycache__/__init__.cpython-310.pyc
/home/valerio/Desktop/IoT-Project/install/iot_project_solution_src/lib/python3.10/site-packages/iot_project_solution_src/__pycache__/drone_controller.cpython-310.pyc
/home/valerio/Desktop/IoT-Project/install/iot_project_solution_src/lib/python3.10/site-packages/iot_project_solution_src/__pycache__/task_assigner.cpython-310.pyc
/home/valerio/Desktop/IoT-Project/install/iot_project_solution_src/share/ament_index/resource_index/packages/iot_project_solution_src
/home/valerio/Desktop/IoT-Project/install/iot_project_solution_src/share/iot_project_solution_src/package.xml
/home/valerio/Desktop/IoT-Project/install/iot_project_solution_src/share/iot_project_solution_src/launch.py
/home/valerio/Desktop/IoT-Project/install/iot_project_solution_src/lib/iot_project_solution_src/math_utils.py
/home/valerio/Desktop/IoT-Project/install/iot_project_solution_src/lib/python3.10/site-packages/iot_project_solution_src-0.0.1-py3.10.egg-info/entry_points.txt
/home/valerio/Desktop/IoT-Project/install/iot_project_solution_src/lib/python3.10/site-packages/iot_project_solution_src-0.0.1-py3.10.egg-info/requires.txt
/home/valerio/Desktop/IoT-Project/install/iot_project_solution_src/lib/python3.10/site-packages/iot_project_solution_src-0.0.1-py3.10.egg-info/zip-safe
/home/valerio/Desktop/IoT-Project/install/iot_project_solution_src/lib/python3.10/site-packages/iot_project_solution_src-0.0.1-py3.10.egg-info/SOURCES.txt
/home/valerio/Desktop/IoT-Project/install/iot_project_solution_src/lib/python3.10/site-packages/iot_project_solution_src-0.0.1-py3.10.egg-info/dependency_links.txt
/home/valerio/Desktop/IoT-Project/install/iot_project_solution_src/lib/python3.10/site-packages/iot_project_solution_src-0.0.1-py3.10.egg-info/top_level.txt
/home/valerio/Desktop/IoT-Project/install/iot_project_solution_src/lib/python3.10/site-packages/iot_project_solution_src-0.0.1-py3.10.egg-info/PKG-INFO
/home/valerio/Desktop/IoT-Project/install/iot_project_solution_src/lib/iot_project_solution_src/drone_controller
/home/valerio/Desktop/IoT-Project/install/iot_project_solution_src/lib/iot_project_solution_src/task_assigner
